<?xml version="1.0" encoding="utf-8"?><testsuites name="pytest tests"><testsuite name="pytest" errors="0" failures="0" skipped="0" tests="6" time="1.936" timestamp="2026-07-07T22:05:56.249230+00:00" hostname="agent-env-dac4d4a6-d0a1-4a53-a141-b59296722223"><testcase classname="backend.tests.test_water_points_iter5.TestWaterPointsSeed" name="test_get_water_points_returns_seven_from_mongo" time="0.282" /><testcase classname="backend.tests.test_water_points_iter5.TestRouteRanoRarakuLinksVai7" name="test_route_includes_vai_7" time="0.056" /><testcase classname="backend.tests.test_water_points_iter5.TestWaterPointsAdminCRUD" name="test_create_requires_admin_key" time="0.140" /><testcase classname="backend.tests.test_water_points_iter5.TestWaterPointsAdminCRUD" name="test_update_requires_admin_key" time="0.105" /><testcase classname="backend.tests.test_water_points_iter5.TestWaterPointsAdminCRUD" name="test_delete_requires_admin_key" time="0.135" /><testcase classname="backend.tests.test_water_points_iter5.TestWaterPointsAdminCRUD" name="test_create_then_get_then_update_then_delete" time="1.045" /></testsuite></testsuites>