<?xml version="1.0" encoding="utf-8"?><testsuites name="pytest tests"><testsuite name="pytest" errors="0" failures="0" skipped="0" tests="9" time="1.609" timestamp="2026-07-05T20:39:25.244107+00:00" hostname="agent-env-dac4d4a6-d0a1-4a53-a141-b59296722223"><testcase classname="backend.tests.backend_test.TestRoutes" name="test_list_all_routes" time="0.229" /><testcase classname="backend.tests.backend_test.TestRoutes" name="test_list_urbanas" time="0.046" /><testcase classname="backend.tests.backend_test.TestRoutes" name="test_list_rurales" time="0.046" /><testcase classname="backend.tests.backend_test.TestRoutes" name="test_get_route_detail" time="0.048" /><testcase classname="backend.tests.backend_test.TestRoutes" name="test_get_route_not_found" time="0.107" /><testcase classname="backend.tests.backend_test.TestWaterPoints" name="test_list_water_points" time="0.046" /><testcase classname="backend.tests.backend_test.TestPayments" name="test_checkout_creates_session" time="0.620" /><testcase classname="backend.tests.backend_test.TestPayments" name="test_payment_status_pending" time="0.344" /><testcase classname="backend.tests.backend_test.TestPayments" name="test_access_false_for_new_device" time="0.046" /></testsuite></testsuites>