<?xml version="1.0" encoding="utf-8"?><testsuites name="pytest tests"><testsuite name="pytest" errors="0" failures="0" skipped="0" tests="20" time="3.636" timestamp="2026-07-06T23:41:18.610618+00:00" hostname="agent-env-dac4d4a6-d0a1-4a53-a141-b59296722223"><testcase classname="backend.tests.backend_test.TestRoutes" name="test_list_all_routes" time="0.302" /><testcase classname="backend.tests.backend_test.TestRoutes" name="test_list_urbanas" time="0.207" /><testcase classname="backend.tests.backend_test.TestRoutes" name="test_list_rurales" time="0.056" /><testcase classname="backend.tests.backend_test.TestRoutes" name="test_get_route_detail" time="0.056" /><testcase classname="backend.tests.backend_test.TestRoutes" name="test_get_route_not_found" time="0.056" /><testcase classname="backend.tests.backend_test.TestWaterPoints" name="test_list_water_points" time="0.056" /><testcase classname="backend.tests.backend_test.TestProviders" name="test_providers_metadata" time="0.056" /><testcase classname="backend.tests.backend_test.TestStripeCheckout" name="test_checkout_stripe_default_provider" time="0.585" /><testcase classname="backend.tests.backend_test.TestStripeCheckout" name="test_checkout_stripe_explicit_provider" time="0.419" /><testcase classname="backend.tests.backend_test.TestStripeCheckout" name="test_status_by_tx_id" time="0.292" /><testcase classname="backend.tests.backend_test.TestStripeCheckout" name="test_status_by_session_id" time="0.343" /><testcase classname="backend.tests.backend_test.TestStripeCheckout" name="test_status_unknown_returns_404" time="0.051" /><testcase classname="backend.tests.backend_test.TestStripeCheckout" name="test_persisted_amount_and_provider" time="0.000" /><testcase classname="backend.tests.backend_test.TestMercadoPagoCheckout" name="test_checkout_mercadopago_creates_preference" time="0.398" /><testcase classname="backend.tests.backend_test.TestMercadoPagoCheckout" name="test_mp_status_by_tx_id_returns_unpaid" time="0.203" /><testcase classname="backend.tests.backend_test.TestMercadoPagoCheckout" name="test_mp_status_by_session_id" time="0.200" /><testcase classname="backend.tests.backend_test.TestFlowCheckout" name="test_flow_without_keys_returns_503" time="0.052" /><testcase classname="backend.tests.backend_test.TestFlowCheckout" name="test_flow_with_email_still_503" time="0.060" /><testcase classname="backend.tests.backend_test.TestInvalidProvider" name="test_invalid_provider_returns_400" time="0.050" /><testcase classname="backend.tests.backend_test.TestAccess" name="test_access_false_for_new_device" time="0.056" /></testsuite></testsuites>