<?xml version="1.0" encoding="utf-8"?><testsuites name="pytest tests"><testsuite name="pytest" errors="0" failures="0" skipped="0" tests="8" time="1.208" timestamp="2026-07-07T01:34:33.297657+00:00" hostname="agent-env-dac4d4a6-d0a1-4a53-a141-b59296722223"><testcase classname="backend.tests.test_admin_sales.TestRoutesRegression" name="test_list_all_routes_is_11" time="0.265" /><testcase classname="backend.tests.test_admin_sales.TestProvidersRegression" name="test_providers_all_true_and_price_3000" time="0.046" /><testcase classname="backend.tests.test_admin_sales.TestAdminSalesAuth" name="test_missing_header_returns_401" time="0.141" /><testcase classname="backend.tests.test_admin_sales.TestAdminSalesAuth" name="test_wrong_key_returns_401" time="0.092" /><testcase classname="backend.tests.test_admin_sales.TestAdminSalesAuth" name="test_empty_key_returns_401" time="0.146" /><testcase classname="backend.tests.test_admin_sales.TestAdminSalesShape" name="test_valid_key_returns_200_and_correct_shape" time="0.110" /><testcase classname="backend.tests.test_admin_sales.TestAdminSalesShape" name="test_sales_count_matches_recent_when_leq_30" time="0.111" /><testcase classname="backend.tests.test_admin_sales.TestAdminSalesShape" name="test_query_param_key_also_accepted" time="0.163" /></testsuite></testsuites>