<?xml version="1.0" encoding="utf-8"?><testsuites name="pytest tests"><testsuite name="pytest" errors="0" failures="0" skipped="0" tests="6" time="1.293" timestamp="2026-07-07T16:42:04.981217+00:00" hostname="agent-env-dac4d4a6-d0a1-4a53-a141-b59296722223"><testcase classname="backend.tests.test_smoke_iter4.TestRoutes" name="test_routes_returns_11_with_cors" time="0.408" /><testcase classname="backend.tests.test_smoke_iter4.TestRoutes" name="test_routes_options_preflight" time="0.072" /><testcase classname="backend.tests.test_smoke_iter4.TestProviders" name="test_providers_all_true" time="0.147" /><testcase classname="backend.tests.test_smoke_iter4.TestAdminSales" name="test_no_key_returns_401" time="0.161" /><testcase classname="backend.tests.test_smoke_iter4.TestAdminSales" name="test_wrong_key_returns_401" time="0.154" /><testcase classname="backend.tests.test_smoke_iter4.TestAdminSales" name="test_correct_key_returns_200" time="0.155" /></testsuite></testsuites>