<?xml version="1.0" encoding="utf-8"?><testsuites name="pytest tests"><testsuite name="pytest" errors="0" failures="0" skipped="0" tests="9" time="1.502" timestamp="2026-07-08T21:55:24.056761+00:00" hostname="agent-env-dac4d4a6-d0a1-4a53-a141-b59296722223"><testcase classname="backend.tests.test_payment_persistence_iter6.TestCheckoutEmailValidation" name="test_checkout_without_email_returns_400" time="0.276" /><testcase classname="backend.tests.test_payment_persistence_iter6.TestCheckoutEmailValidation" name="test_checkout_with_invalid_email_returns_400" time="0.048" /><testcase classname="backend.tests.test_payment_persistence_iter6.TestCheckoutEmailValidation" name="test_checkout_with_valid_email_stores_lowercase" time="0.710" /><testcase classname="backend.tests.test_payment_persistence_iter6.TestRestoreByEmail" name="test_restore_with_invalid_email_returns_400" time="0.046" /><testcase classname="backend.tests.test_payment_persistence_iter6.TestRestoreByEmail" name="test_restore_with_unpaid_email_returns_false" time="0.046" /><testcase classname="backend.tests.test_payment_persistence_iter6.TestRestoreByEmail" name="test_restore_happy_path_and_access_via_grants" time="0.094" /><testcase classname="backend.tests.test_payment_persistence_iter6.TestRestoreByEmail" name="test_restore_is_idempotent_upsert" time="0.045" /><testcase classname="backend.tests.test_payment_persistence_iter6.TestAccessRegression" name="test_access_via_paid_transaction_direct" time="0.044" /><testcase classname="backend.tests.test_payment_persistence_iter6.TestAccessRegression" name="test_access_false_for_unknown_device" time="0.048" /></testsuite></testsuites>